
> shofy@0.1.0 dev
> next dev -p 3002

   ▲ Next.js 15.4.6
   - Local:        http://localhost:3002
   - Network:      http://192.168.1.7:3002
   - Environments: .env.local

 ✓ Starting...
 ✓ Ready in 2.1s
 ○ Compiling / ...
 ✓ Compiled / in 4.2s (1282 modules)
i18next: languageChanged ko
i18next: initialized {
  debug: true,
  initAsync: true,
  ns: [ 'translation' ],
  defaultNS: [ 'translation' ],
  fallbackLng: [ 'ko' ],
  fallbackNS: false,
  supportedLngs: false,
  nonExplicitSupportedLngs: false,
  load: 'all',
  preload: false,
  simplifyPluralSuffix: true,
  keySeparator: '.',
  nsSeparator: ':',
  pluralSeparator: '_',
  contextSeparator: '_',
  partialBundledLanguages: false,
  saveMissing: false,
  updateMissing: false,
  saveMissingTo: 'fallback',
  saveMissingPlurals: true,
  missingKeyHandler: false,
  missingInterpolationHandler: false,
  postProcess: false,
  postProcessPassResolved: false,
  returnNull: false,
  returnEmptyString: true,
  returnObjects: false,
  joinArrays: false,
  returnedObjectHandler: false,
  parseMissingKeyHandler: false,
  appendNamespaceToMissingKey: false,
  appendNamespaceToCIMode: false,
  overloadTranslationOptionHandler: [Function: overloadTranslationOptionHandler],
  interpolation: {
    escapeValue: false,
    format: [Function: bound format],
    prefix: '{{',
    suffix: '}}',
    formatSeparator: ',',
    unescapePrefix: '-',
    nestingPrefix: '$t(',
    nestingSuffix: ')',
    nestingOptionsSeparator: ',',
    maxReplaces: 1000,
    skipOnVariables: true
  },
  cacheInBuiltFormats: true,
  resources: { ko: { translation: [Object] } },
  lng: 'ko',
  detection: {
    order: [ 'localStorage', 'navigator', 'htmlTag' ],
    caches: [ 'localStorage' ],
    lookupLocalStorage: 'i18nextLng',
    lookupQuerystring: 'lng',
    lookupCookie: 'i18next',
    lookupSessionStorage: 'i18nextLng',
    excludeCacheFor: [ 'cimode' ],
    convertDetectedLanguage: [Function: convertDetectedLanguage]
  },
  react: { useSuspense: false },
  ignoreJSONStructure: true
}
 ✓ Compiled in 1027ms (463 modules)
 ✓ Compiled in 302ms (463 modules)
prisma:query SELECT "public"."products"."id", "public"."products"."title", "public"."products"."description", "public"."products"."price", "public"."products"."discountPercentage", "public"."products"."rating", "public"."products"."stock", "public"."products"."brand", "public"."products"."category", "public"."products"."thumbnail", "public"."products"."images", "public"."products"."detailImages", "public"."products"."tags", "public"."products"."sku", "public"."products"."weight", "public"."products"."dimensions", "public"."products"."warrantyInformation", "public"."products"."shippingInformation", "public"."products"."returnPolicy", "public"."products"."minimumOrderQuantity", "public"."products"."availabilityStatus", "public"."products"."meta", "public"."products"."isActive", "public"."products"."createdAt", "public"."products"."updatedAt", "public"."products"."productName", "public"."products"."modelNumber", "public"."products"."size", "public"."products"."material", "public"."products"."releaseDate", "public"."products"."manufacturer", "public"."products"."madeInCountry", "public"."products"."warrantyStandard", "public"."products"."asResponsible", "public"."products"."kcCertification", "public"."products"."color", "public"."products"."productComposition", "public"."products"."detailedSpecs", "public"."products"."shippingMethod", "public"."products"."shippingCost", "public"."products"."bundleShipping", "public"."products"."shippingPeriod", "public"."products"."exchangeReturnCost", "public"."products"."exchangeReturnDeadline", "public"."products"."exchangeReturnLimitations", "public"."products"."clothingLimitations", "public"."products"."foodLimitations", "public"."products"."electronicsLimitations", "public"."products"."autoLimitations", "public"."products"."mediaLimitations", "public"."products"."sellerName", "public"."products"."sellerPhone", "public"."products"."sellerLegalNotice" FROM "public"."products" WHERE "public"."products"."isActive" = $1 ORDER BY "public"."products"."createdAt" DESC OFFSET $2
 GET / 200 in 7531ms
 ✓ Compiled in 366ms (463 modules)
 ✓ Compiled in 275ms (463 modules)
 ✓ Compiled in 259ms (463 modules)
